[2025-03-06T04:54:19.396+0000] {taskinstance.py:1165} INFO - Dependencies all met for <TaskInstance: covid19_etl.create_dim_location manual__2025-03-06T04:54:07.016155+00:00 [queued]>
[2025-03-06T04:54:19.447+0000] {taskinstance.py:1165} INFO - Dependencies all met for <TaskInstance: covid19_etl.create_dim_location manual__2025-03-06T04:54:07.016155+00:00 [queued]>
[2025-03-06T04:54:19.452+0000] {taskinstance.py:1362} INFO - 
--------------------------------------------------------------------------------
[2025-03-06T04:54:19.453+0000] {taskinstance.py:1363} INFO - Starting attempt 1 of 2
[2025-03-06T04:54:19.454+0000] {taskinstance.py:1364} INFO - 
--------------------------------------------------------------------------------
[2025-03-06T04:54:19.529+0000] {taskinstance.py:1383} INFO - Executing <Task(PostgresOperator): create_dim_location> on 2025-03-06 04:54:07.016155+00:00
[2025-03-06T04:54:19.619+0000] {standard_task_runner.py:55} INFO - Started process 3194 to run task
[2025-03-06T04:54:19.636+0000] {standard_task_runner.py:82} INFO - Running: ['***', 'tasks', 'run', 'covid19_etl', 'create_dim_location', 'manual__2025-03-06T04:54:07.016155+00:00', '--job-id', '736', '--raw', '--subdir', 'DAGS_FOLDER/covid19-etl.py', '--cfg-path', '/tmp/tmpthfysv71']
[2025-03-06T04:54:19.647+0000] {standard_task_runner.py:83} INFO - Job 736: Subtask create_dim_location
[2025-03-06T04:54:19.872+0000] {task_command.py:376} INFO - Running <TaskInstance: covid19_etl.create_dim_location manual__2025-03-06T04:54:07.016155+00:00 [running]> on host e5021ab2b3c4
[2025-03-06T04:54:20.144+0000] {taskinstance.py:1592} INFO - Exporting the following env vars:
AIRFLOW_CTX_DAG_OWNER=Sharaf
AIRFLOW_CTX_DAG_ID=covid19_etl
AIRFLOW_CTX_TASK_ID=create_dim_location
AIRFLOW_CTX_EXECUTION_DATE=2025-03-06T04:54:07.016155+00:00
AIRFLOW_CTX_TRY_NUMBER=1
AIRFLOW_CTX_DAG_RUN_ID=manual__2025-03-06T04:54:07.016155+00:00
[2025-03-06T04:54:20.184+0000] {base.py:71} INFO - Using connection ID 'postgres_localhost' for task execution.
[2025-03-06T04:54:20.408+0000] {sql.py:315} INFO - Running statement: 
         create table if not exists dim_location
        (
            region       varchar,
            lat          double precision,
            long         double precision,
            state        varchar,
            location_id  varchar primary key
        );
        , parameters: None
[2025-03-06T04:54:20.434+0000] {postgres.py:96} INFO - NOTICE:  relation "dim_location" already exists, skipping

[2025-03-06T04:54:20.465+0000] {taskinstance.py:1406} INFO - Marking task as SUCCESS. dag_id=covid19_etl, task_id=create_dim_location, execution_date=20250306T045407, start_date=20250306T045419, end_date=20250306T045420
[2025-03-06T04:54:20.668+0000] {local_task_job.py:164} INFO - Task exited with return code 0
[2025-03-06T04:54:20.862+0000] {local_task_job.py:273} INFO - 1 downstream tasks scheduled from follow-on schedule check
