[2025-03-04T03:45:58.977+0000] {taskinstance.py:1165} INFO - Dependencies all met for <TaskInstance: covid19_etl.transform manual__2025-03-04T03:44:29.469245+00:00 [queued]>
[2025-03-04T03:45:59.048+0000] {taskinstance.py:1165} INFO - Dependencies all met for <TaskInstance: covid19_etl.transform manual__2025-03-04T03:44:29.469245+00:00 [queued]>
[2025-03-04T03:45:59.050+0000] {taskinstance.py:1362} INFO - 
--------------------------------------------------------------------------------
[2025-03-04T03:45:59.051+0000] {taskinstance.py:1363} INFO - Starting attempt 1 of 2
[2025-03-04T03:45:59.053+0000] {taskinstance.py:1364} INFO - 
--------------------------------------------------------------------------------
[2025-03-04T03:45:59.132+0000] {taskinstance.py:1383} INFO - Executing <Task(PythonOperator): transform> on 2025-03-04 03:44:29.469245+00:00
[2025-03-04T03:45:59.204+0000] {standard_task_runner.py:55} INFO - Started process 216 to run task
[2025-03-04T03:45:59.305+0000] {standard_task_runner.py:82} INFO - Running: ['***', 'tasks', 'run', 'covid19_etl', 'transform', 'manual__2025-03-04T03:44:29.469245+00:00', '--job-id', '164', '--raw', '--subdir', 'DAGS_FOLDER/covid19-etl.py', '--cfg-path', '/tmp/tmppg0eb0zj']
[2025-03-04T03:45:59.333+0000] {standard_task_runner.py:83} INFO - Job 164: Subtask transform
[2025-03-04T03:46:01.144+0000] {task_command.py:376} INFO - Running <TaskInstance: covid19_etl.transform manual__2025-03-04T03:44:29.469245+00:00 [running]> on host e5021ab2b3c4
[2025-03-04T03:46:02.305+0000] {taskinstance.py:1592} INFO - Exporting the following env vars:
AIRFLOW_CTX_DAG_OWNER=Sharaf
AIRFLOW_CTX_DAG_ID=covid19_etl
AIRFLOW_CTX_TASK_ID=transform
AIRFLOW_CTX_EXECUTION_DATE=2025-03-04T03:44:29.469245+00:00
AIRFLOW_CTX_TRY_NUMBER=1
AIRFLOW_CTX_DAG_RUN_ID=manual__2025-03-04T03:44:29.469245+00:00
[2025-03-04T03:46:02.689+0000] {covid19-etl.py:59} INFO - Transforming data
[2025-03-04T03:46:04.817+0000] {covid19-etl.py:75} INFO - Data Description:
               Lat         Long     Confirmed         Deaths  Recovered
count  3925.000000  3925.000000  4.016000e+03    4016.000000     4016.0
mean     35.736183   -71.109728  1.683189e+05    1712.550548        0.0
std      13.441327    55.361480  1.066233e+06    8863.066519        0.0
min     -71.949900  -178.116500  0.000000e+00       0.000000        0.0
25%      33.191535   -96.595639  3.821250e+03      48.000000        0.0
50%      37.895700   -86.717326  1.079800e+04     134.000000        0.0
75%      42.176955   -77.357900  4.681225e+04     481.000000        0.0
max      71.706900   178.065000  3.859118e+07  186138.000000        0.0
[2025-03-04T03:46:05.534+0000] {logging_mixin.py:120} INFO - <class 'pandas.core.frame.DataFrame'>
Index: 4016 entries, 0 to 4015
Data columns (total 8 columns):
 #   Column          Non-Null Count  Dtype  
---  ------          --------------  -----  
 0   Province_State  4016 non-null   object 
 1   Country_Region  4016 non-null   object 
 2   Last_Update     4016 non-null   object 
 3   Lat             3925 non-null   float64
 4   Long            3925 non-null   float64
 5   Confirmed       4016 non-null   int64  
 6   Deaths          4016 non-null   int64  
 7   Recovered       4016 non-null   int64  
dtypes: float64(2), int64(3), object(3)
memory usage: 282.4+ KB
[2025-03-04T03:46:05.554+0000] {covid19-etl.py:76} INFO - Data Info:
None
[2025-03-04T03:46:07.726+0000] {python.py:177} INFO - Done. Returned value was: None
[2025-03-04T03:46:07.816+0000] {taskinstance.py:1406} INFO - Marking task as SUCCESS. dag_id=covid19_etl, task_id=transform, execution_date=20250304T034429, start_date=20250304T034559, end_date=20250304T034607
[2025-03-04T03:46:08.161+0000] {local_task_job.py:164} INFO - Task exited with return code 0
[2025-03-04T03:46:08.422+0000] {local_task_job.py:273} INFO - 0 downstream tasks scheduled from follow-on schedule check
