[2025-03-06T04:57:19.250+0000] {taskinstance.py:1165} INFO - Dependencies all met for <TaskInstance: covid19_etl.Load scheduled__2025-03-06T04:54:00+00:00 [queued]>
[2025-03-06T04:57:19.300+0000] {taskinstance.py:1165} INFO - Dependencies all met for <TaskInstance: covid19_etl.Load scheduled__2025-03-06T04:54:00+00:00 [queued]>
[2025-03-06T04:57:19.303+0000] {taskinstance.py:1362} INFO - 
--------------------------------------------------------------------------------
[2025-03-06T04:57:19.304+0000] {taskinstance.py:1363} INFO - Starting attempt 1 of 2
[2025-03-06T04:57:19.305+0000] {taskinstance.py:1364} INFO - 
--------------------------------------------------------------------------------
[2025-03-06T04:57:19.364+0000] {taskinstance.py:1383} INFO - Executing <Task(PythonOperator): Load> on 2025-03-06 04:54:00+00:00
[2025-03-06T04:57:19.388+0000] {standard_task_runner.py:55} INFO - Started process 3351 to run task
[2025-03-06T04:57:19.397+0000] {standard_task_runner.py:82} INFO - Running: ['***', 'tasks', 'run', 'covid19_etl', 'Load', 'scheduled__2025-03-06T04:54:00+00:00', '--job-id', '753', '--raw', '--subdir', 'DAGS_FOLDER/covid19-etl.py', '--cfg-path', '/tmp/tmpnbepkbuv']
[2025-03-06T04:57:19.403+0000] {standard_task_runner.py:83} INFO - Job 753: Subtask Load
[2025-03-06T04:57:19.607+0000] {task_command.py:376} INFO - Running <TaskInstance: covid19_etl.Load scheduled__2025-03-06T04:54:00+00:00 [running]> on host e5021ab2b3c4
[2025-03-06T04:57:19.766+0000] {taskinstance.py:1592} INFO - Exporting the following env vars:
AIRFLOW_CTX_DAG_OWNER=Sharaf
AIRFLOW_CTX_DAG_ID=covid19_etl
AIRFLOW_CTX_TASK_ID=Load
AIRFLOW_CTX_EXECUTION_DATE=2025-03-06T04:54:00+00:00
AIRFLOW_CTX_TRY_NUMBER=1
AIRFLOW_CTX_DAG_RUN_ID=scheduled__2025-03-06T04:54:00+00:00
[2025-03-06T04:57:19.769+0000] {covid19-etl.py:96} INFO - Loading data to destination
[2025-03-06T04:57:24.481+0000] {base.py:71} INFO - Using connection ID 'postgres_localhost' for task execution.
[2025-03-06T04:57:24.595+0000] {warnings.py:110} WARNING - /opt/***/dags/covid19-etl.py:90: SettingWithCopyWarning: 
A value is trying to be set on a copy of a slice from a DataFrame.
Try using .loc[row_indexer,col_indexer] = value instead

See the caveats in the documentation: https://pandas.pydata.org/pandas-docs/stable/user_guide/indexing.html#returning-a-view-versus-a-copy
  axis=1

[2025-03-06T04:57:24.858+0000] {covid19-etl.py:147} INFO - Processed batch 1/61 (200/12043 rows)
[2025-03-06T04:57:24.994+0000] {covid19-etl.py:147} INFO - Processed batch 2/61 (400/12043 rows)
[2025-03-06T04:57:25.114+0000] {covid19-etl.py:147} INFO - Processed batch 3/61 (600/12043 rows)
[2025-03-06T04:57:25.246+0000] {covid19-etl.py:147} INFO - Processed batch 4/61 (800/12043 rows)
[2025-03-06T04:57:25.365+0000] {covid19-etl.py:147} INFO - Processed batch 5/61 (1000/12043 rows)
[2025-03-06T04:57:25.474+0000] {covid19-etl.py:147} INFO - Processed batch 6/61 (1200/12043 rows)
[2025-03-06T04:57:25.575+0000] {covid19-etl.py:147} INFO - Processed batch 7/61 (1400/12043 rows)
[2025-03-06T04:57:25.691+0000] {covid19-etl.py:147} INFO - Processed batch 8/61 (1600/12043 rows)
[2025-03-06T04:57:25.830+0000] {covid19-etl.py:147} INFO - Processed batch 9/61 (1800/12043 rows)
[2025-03-06T04:57:25.921+0000] {covid19-etl.py:147} INFO - Processed batch 10/61 (2000/12043 rows)
[2025-03-06T04:57:26.014+0000] {covid19-etl.py:147} INFO - Processed batch 11/61 (2200/12043 rows)
[2025-03-06T04:57:26.109+0000] {covid19-etl.py:147} INFO - Processed batch 12/61 (2400/12043 rows)
[2025-03-06T04:57:26.207+0000] {covid19-etl.py:147} INFO - Processed batch 13/61 (2600/12043 rows)
[2025-03-06T04:57:26.316+0000] {covid19-etl.py:147} INFO - Processed batch 14/61 (2800/12043 rows)
[2025-03-06T04:57:26.420+0000] {covid19-etl.py:147} INFO - Processed batch 15/61 (3000/12043 rows)
[2025-03-06T04:57:26.523+0000] {covid19-etl.py:147} INFO - Processed batch 16/61 (3200/12043 rows)
[2025-03-06T04:57:26.658+0000] {covid19-etl.py:147} INFO - Processed batch 17/61 (3400/12043 rows)
[2025-03-06T04:57:26.764+0000] {covid19-etl.py:147} INFO - Processed batch 18/61 (3600/12043 rows)
[2025-03-06T04:57:26.885+0000] {covid19-etl.py:147} INFO - Processed batch 19/61 (3800/12043 rows)
[2025-03-06T04:57:27.001+0000] {covid19-etl.py:147} INFO - Processed batch 20/61 (4000/12043 rows)
[2025-03-06T04:57:27.111+0000] {covid19-etl.py:147} INFO - Processed batch 21/61 (4200/12043 rows)
[2025-03-06T04:57:27.205+0000] {covid19-etl.py:147} INFO - Processed batch 22/61 (4400/12043 rows)
[2025-03-06T04:57:27.302+0000] {covid19-etl.py:147} INFO - Processed batch 23/61 (4600/12043 rows)
[2025-03-06T04:57:27.415+0000] {covid19-etl.py:147} INFO - Processed batch 24/61 (4800/12043 rows)
[2025-03-06T04:57:27.511+0000] {covid19-etl.py:147} INFO - Processed batch 25/61 (5000/12043 rows)
[2025-03-06T04:57:27.612+0000] {covid19-etl.py:147} INFO - Processed batch 26/61 (5200/12043 rows)
[2025-03-06T04:57:27.730+0000] {covid19-etl.py:147} INFO - Processed batch 27/61 (5400/12043 rows)
[2025-03-06T04:57:27.828+0000] {covid19-etl.py:147} INFO - Processed batch 28/61 (5600/12043 rows)
[2025-03-06T04:57:27.925+0000] {covid19-etl.py:147} INFO - Processed batch 29/61 (5800/12043 rows)
[2025-03-06T04:57:28.026+0000] {covid19-etl.py:147} INFO - Processed batch 30/61 (6000/12043 rows)
[2025-03-06T04:57:28.134+0000] {covid19-etl.py:147} INFO - Processed batch 31/61 (6200/12043 rows)
[2025-03-06T04:57:28.232+0000] {covid19-etl.py:147} INFO - Processed batch 32/61 (6400/12043 rows)
[2025-03-06T04:57:28.327+0000] {covid19-etl.py:147} INFO - Processed batch 33/61 (6600/12043 rows)
[2025-03-06T04:57:28.428+0000] {covid19-etl.py:147} INFO - Processed batch 34/61 (6800/12043 rows)
[2025-03-06T04:57:28.545+0000] {covid19-etl.py:147} INFO - Processed batch 35/61 (7000/12043 rows)
[2025-03-06T04:57:28.653+0000] {covid19-etl.py:147} INFO - Processed batch 36/61 (7200/12043 rows)
[2025-03-06T04:57:28.788+0000] {covid19-etl.py:147} INFO - Processed batch 37/61 (7400/12043 rows)
[2025-03-06T04:57:28.912+0000] {covid19-etl.py:147} INFO - Processed batch 38/61 (7600/12043 rows)
[2025-03-06T04:57:29.018+0000] {covid19-etl.py:147} INFO - Processed batch 39/61 (7800/12043 rows)
[2025-03-06T04:57:29.129+0000] {covid19-etl.py:147} INFO - Processed batch 40/61 (8000/12043 rows)
[2025-03-06T04:57:29.252+0000] {covid19-etl.py:147} INFO - Processed batch 41/61 (8200/12043 rows)
[2025-03-06T04:57:29.360+0000] {covid19-etl.py:147} INFO - Processed batch 42/61 (8400/12043 rows)
[2025-03-06T04:57:29.461+0000] {covid19-etl.py:147} INFO - Processed batch 43/61 (8600/12043 rows)
[2025-03-06T04:57:29.555+0000] {covid19-etl.py:147} INFO - Processed batch 44/61 (8800/12043 rows)
[2025-03-06T04:57:29.660+0000] {covid19-etl.py:147} INFO - Processed batch 45/61 (9000/12043 rows)
[2025-03-06T04:57:29.776+0000] {covid19-etl.py:147} INFO - Processed batch 46/61 (9200/12043 rows)
[2025-03-06T04:57:29.868+0000] {covid19-etl.py:147} INFO - Processed batch 47/61 (9400/12043 rows)
[2025-03-06T04:57:29.954+0000] {covid19-etl.py:147} INFO - Processed batch 48/61 (9600/12043 rows)
[2025-03-06T04:57:30.043+0000] {covid19-etl.py:147} INFO - Processed batch 49/61 (9800/12043 rows)
[2025-03-06T04:57:30.128+0000] {covid19-etl.py:147} INFO - Processed batch 50/61 (10000/12043 rows)
[2025-03-06T04:57:30.216+0000] {covid19-etl.py:147} INFO - Processed batch 51/61 (10200/12043 rows)
[2025-03-06T04:57:30.302+0000] {covid19-etl.py:147} INFO - Processed batch 52/61 (10400/12043 rows)
[2025-03-06T04:57:30.396+0000] {covid19-etl.py:147} INFO - Processed batch 53/61 (10600/12043 rows)
[2025-03-06T04:57:30.492+0000] {covid19-etl.py:147} INFO - Processed batch 54/61 (10800/12043 rows)
[2025-03-06T04:57:30.590+0000] {covid19-etl.py:147} INFO - Processed batch 55/61 (11000/12043 rows)
[2025-03-06T04:57:30.721+0000] {covid19-etl.py:147} INFO - Processed batch 56/61 (11200/12043 rows)
[2025-03-06T04:57:30.862+0000] {covid19-etl.py:147} INFO - Processed batch 57/61 (11400/12043 rows)
[2025-03-06T04:57:30.956+0000] {covid19-etl.py:147} INFO - Processed batch 58/61 (11600/12043 rows)
[2025-03-06T04:57:31.065+0000] {covid19-etl.py:147} INFO - Processed batch 59/61 (11800/12043 rows)
[2025-03-06T04:57:31.235+0000] {covid19-etl.py:147} INFO - Processed batch 60/61 (12000/12043 rows)
[2025-03-06T04:57:31.305+0000] {covid19-etl.py:147} INFO - Processed batch 61/61 (12043/12043 rows)
[2025-03-06T04:57:31.316+0000] {covid19-etl.py:150} INFO - Successfully loaded all 12043 rows to destination
[2025-03-06T04:57:31.322+0000] {python.py:177} INFO - Done. Returned value was: None
[2025-03-06T04:57:31.348+0000] {taskinstance.py:1406} INFO - Marking task as SUCCESS. dag_id=covid19_etl, task_id=Load, execution_date=20250306T045400, start_date=20250306T045719, end_date=20250306T045731
[2025-03-06T04:57:31.456+0000] {local_task_job.py:164} INFO - Task exited with return code 0
[2025-03-06T04:57:31.539+0000] {local_task_job.py:273} INFO - 0 downstream tasks scheduled from follow-on schedule check
