[2025-03-02T18:20:55.601+0000] {taskinstance.py:1165} INFO - Dependencies all met for <TaskInstance: covid19_etl.extract scheduled__2025-03-01T00:00:00+00:00 [queued]>
[2025-03-02T18:20:55.661+0000] {taskinstance.py:1165} INFO - Dependencies all met for <TaskInstance: covid19_etl.extract scheduled__2025-03-01T00:00:00+00:00 [queued]>
[2025-03-02T18:20:55.662+0000] {taskinstance.py:1362} INFO - 
--------------------------------------------------------------------------------
[2025-03-02T18:20:55.662+0000] {taskinstance.py:1363} INFO - Starting attempt 1 of 2
[2025-03-02T18:20:55.663+0000] {taskinstance.py:1364} INFO - 
--------------------------------------------------------------------------------
[2025-03-02T18:20:55.712+0000] {taskinstance.py:1383} INFO - Executing <Task(PythonOperator): extract> on 2025-03-01 00:00:00+00:00
[2025-03-02T18:20:55.778+0000] {standard_task_runner.py:55} INFO - Started process 2404 to run task
[2025-03-02T18:20:55.785+0000] {standard_task_runner.py:82} INFO - Running: ['***', 'tasks', 'run', 'covid19_etl', 'extract', 'scheduled__2025-03-01T00:00:00+00:00', '--job-id', '107', '--raw', '--subdir', 'DAGS_FOLDER/covid19-etl.py', '--cfg-path', '/tmp/tmpqfakezht']
[2025-03-02T18:20:55.789+0000] {standard_task_runner.py:83} INFO - Job 107: Subtask extract
[2025-03-02T18:20:55.935+0000] {task_command.py:376} INFO - Running <TaskInstance: covid19_etl.extract scheduled__2025-03-01T00:00:00+00:00 [running]> on host e5021ab2b3c4
[2025-03-02T18:20:56.311+0000] {taskinstance.py:1592} INFO - Exporting the following env vars:
AIRFLOW_CTX_DAG_OWNER=Sharaf
AIRFLOW_CTX_DAG_ID=covid19_etl
AIRFLOW_CTX_TASK_ID=extract
AIRFLOW_CTX_EXECUTION_DATE=2025-03-01T00:00:00+00:00
AIRFLOW_CTX_TRY_NUMBER=1
AIRFLOW_CTX_DAG_RUN_ID=scheduled__2025-03-01T00:00:00+00:00
[2025-03-02T18:20:56.318+0000] {covid19-etl.py:8} INFO - Extracting data from source
[2025-03-02T18:20:56.357+0000] {base.py:71} INFO - Using connection ID 'postgres_localhost' for task execution.
[2025-03-02T18:20:57.893+0000] {covid19-etl.py:36} ERROR - Error extracting data for 01-01-2020: HTTP Error 404: Not Found
[2025-03-02T18:20:59.252+0000] {covid19-etl.py:32} INFO - Extracted data for 01-01-2021
[2025-03-02T18:21:00.888+0000] {covid19-etl.py:32} INFO - Extracted data for 01-01-2022
[2025-03-02T18:21:02.079+0000] {covid19-etl.py:32} INFO - Extracted data for 01-01-2023
[2025-03-02T18:21:03.382+0000] {covid19-etl.py:36} ERROR - Error extracting data for 01-02-2020: HTTP Error 404: Not Found
[2025-03-02T18:21:04.426+0000] {covid19-etl.py:32} INFO - Extracted data for 01-02-2021
[2025-03-02T18:21:06.572+0000] {covid19-etl.py:32} INFO - Extracted data for 01-02-2022
[2025-03-02T18:21:08.022+0000] {covid19-etl.py:32} INFO - Extracted data for 01-02-2023
[2025-03-02T18:21:09.029+0000] {covid19-etl.py:36} ERROR - Error extracting data for 01-03-2020: HTTP Error 404: Not Found
[2025-03-02T18:21:10.085+0000] {covid19-etl.py:32} INFO - Extracted data for 01-03-2021
[2025-03-02T18:21:11.203+0000] {covid19-etl.py:32} INFO - Extracted data for 01-03-2022
[2025-03-02T18:21:13.197+0000] {covid19-etl.py:32} INFO - Extracted data for 01-03-2023
[2025-03-02T18:21:13.968+0000] {covid19-etl.py:36} ERROR - Error extracting data for 01-04-2020: HTTP Error 404: Not Found
[2025-03-02T18:21:15.007+0000] {covid19-etl.py:32} INFO - Extracted data for 01-04-2021
[2025-03-02T18:21:16.282+0000] {covid19-etl.py:32} INFO - Extracted data for 01-04-2022
[2025-03-02T18:21:17.454+0000] {covid19-etl.py:32} INFO - Extracted data for 01-04-2023
[2025-03-02T18:21:18.158+0000] {covid19-etl.py:36} ERROR - Error extracting data for 01-05-2020: HTTP Error 404: Not Found
[2025-03-02T18:21:19.108+0000] {covid19-etl.py:32} INFO - Extracted data for 01-05-2021
[2025-03-02T18:21:20.343+0000] {covid19-etl.py:32} INFO - Extracted data for 01-05-2022
[2025-03-02T18:21:21.435+0000] {covid19-etl.py:32} INFO - Extracted data for 01-05-2023
[2025-03-02T18:21:22.190+0000] {covid19-etl.py:36} ERROR - Error extracting data for 01-06-2020: HTTP Error 404: Not Found
[2025-03-02T18:21:23.180+0000] {covid19-etl.py:32} INFO - Extracted data for 01-06-2021
[2025-03-02T18:21:24.487+0000] {covid19-etl.py:32} INFO - Extracted data for 01-06-2022
[2025-03-02T18:21:25.718+0000] {covid19-etl.py:32} INFO - Extracted data for 01-06-2023
[2025-03-02T18:21:26.301+0000] {covid19-etl.py:36} ERROR - Error extracting data for 01-07-2020: HTTP Error 404: Not Found
[2025-03-02T18:21:27.282+0000] {covid19-etl.py:32} INFO - Extracted data for 01-07-2021
[2025-03-02T18:21:28.540+0000] {covid19-etl.py:32} INFO - Extracted data for 01-07-2022
[2025-03-02T18:21:29.774+0000] {covid19-etl.py:32} INFO - Extracted data for 01-07-2023
[2025-03-02T18:21:30.374+0000] {covid19-etl.py:36} ERROR - Error extracting data for 01-08-2020: HTTP Error 404: Not Found
[2025-03-02T18:21:31.401+0000] {covid19-etl.py:32} INFO - Extracted data for 01-08-2021
[2025-03-02T18:21:32.654+0000] {covid19-etl.py:32} INFO - Extracted data for 01-08-2022
[2025-03-02T18:21:34.391+0000] {covid19-etl.py:32} INFO - Extracted data for 01-08-2023
[2025-03-02T18:21:35.227+0000] {covid19-etl.py:36} ERROR - Error extracting data for 01-09-2020: HTTP Error 404: Not Found
[2025-03-02T18:21:36.671+0000] {covid19-etl.py:32} INFO - Extracted data for 01-09-2021
[2025-03-02T18:21:38.509+0000] {covid19-etl.py:32} INFO - Extracted data for 01-09-2022
[2025-03-02T18:21:39.738+0000] {covid19-etl.py:32} INFO - Extracted data for 01-09-2023
[2025-03-02T18:21:40.571+0000] {covid19-etl.py:36} ERROR - Error extracting data for 01-10-2020: HTTP Error 404: Not Found
[2025-03-02T18:21:41.667+0000] {covid19-etl.py:32} INFO - Extracted data for 01-10-2021
[2025-03-02T18:21:42.938+0000] {covid19-etl.py:32} INFO - Extracted data for 01-10-2022
[2025-03-02T18:21:44.128+0000] {covid19-etl.py:32} INFO - Extracted data for 01-10-2023
[2025-03-02T18:21:45.073+0000] {covid19-etl.py:36} ERROR - Error extracting data for 01-11-2020: HTTP Error 404: Not Found
[2025-03-02T18:21:46.452+0000] {covid19-etl.py:32} INFO - Extracted data for 01-11-2021
[2025-03-02T18:21:47.953+0000] {covid19-etl.py:32} INFO - Extracted data for 01-11-2022
[2025-03-02T18:21:49.656+0000] {covid19-etl.py:32} INFO - Extracted data for 01-11-2023
[2025-03-02T18:21:51.084+0000] {covid19-etl.py:36} ERROR - Error extracting data for 01-12-2020: HTTP Error 404: Not Found
[2025-03-02T18:21:52.559+0000] {covid19-etl.py:32} INFO - Extracted data for 01-12-2021
[2025-03-02T18:21:54.040+0000] {covid19-etl.py:32} INFO - Extracted data for 01-12-2022
[2025-03-02T18:21:55.396+0000] {covid19-etl.py:32} INFO - Extracted data for 01-12-2023
[2025-03-02T18:21:56.204+0000] {covid19-etl.py:36} ERROR - Error extracting data for 01-13-2020: HTTP Error 404: Not Found
[2025-03-02T18:21:57.310+0000] {covid19-etl.py:32} INFO - Extracted data for 01-13-2021
[2025-03-02T18:21:58.602+0000] {covid19-etl.py:32} INFO - Extracted data for 01-13-2022
[2025-03-02T18:21:59.864+0000] {covid19-etl.py:32} INFO - Extracted data for 01-13-2023
[2025-03-02T18:22:00.691+0000] {covid19-etl.py:36} ERROR - Error extracting data for 01-14-2020: HTTP Error 404: Not Found
[2025-03-02T18:22:01.783+0000] {covid19-etl.py:32} INFO - Extracted data for 01-14-2021
[2025-03-02T18:22:03.030+0000] {covid19-etl.py:32} INFO - Extracted data for 01-14-2022
[2025-03-02T18:22:04.288+0000] {covid19-etl.py:32} INFO - Extracted data for 01-14-2023
[2025-03-02T18:22:05.163+0000] {covid19-etl.py:36} ERROR - Error extracting data for 01-15-2020: HTTP Error 404: Not Found
[2025-03-02T18:22:06.217+0000] {covid19-etl.py:32} INFO - Extracted data for 01-15-2021
[2025-03-02T18:22:07.513+0000] {covid19-etl.py:32} INFO - Extracted data for 01-15-2022
[2025-03-02T18:22:08.729+0000] {covid19-etl.py:32} INFO - Extracted data for 01-15-2023
[2025-03-02T18:22:09.391+0000] {covid19-etl.py:36} ERROR - Error extracting data for 01-16-2020: HTTP Error 404: Not Found
[2025-03-02T18:22:10.354+0000] {covid19-etl.py:32} INFO - Extracted data for 01-16-2021
[2025-03-02T18:22:11.607+0000] {covid19-etl.py:32} INFO - Extracted data for 01-16-2022
[2025-03-02T18:22:12.818+0000] {covid19-etl.py:32} INFO - Extracted data for 01-16-2023
[2025-03-02T18:22:13.525+0000] {covid19-etl.py:36} ERROR - Error extracting data for 01-17-2020: HTTP Error 404: Not Found
[2025-03-02T18:22:14.451+0000] {covid19-etl.py:32} INFO - Extracted data for 01-17-2021
[2025-03-02T18:22:15.905+0000] {covid19-etl.py:32} INFO - Extracted data for 01-17-2022
[2025-03-02T18:22:17.198+0000] {covid19-etl.py:32} INFO - Extracted data for 01-17-2023
[2025-03-02T18:22:18.170+0000] {covid19-etl.py:36} ERROR - Error extracting data for 01-18-2020: HTTP Error 404: Not Found
[2025-03-02T18:22:19.254+0000] {covid19-etl.py:32} INFO - Extracted data for 01-18-2021
[2025-03-02T18:22:20.498+0000] {covid19-etl.py:32} INFO - Extracted data for 01-18-2022
[2025-03-02T18:22:21.737+0000] {covid19-etl.py:32} INFO - Extracted data for 01-18-2023
[2025-03-02T18:22:22.453+0000] {covid19-etl.py:36} ERROR - Error extracting data for 01-19-2020: HTTP Error 404: Not Found
[2025-03-02T18:22:23.488+0000] {covid19-etl.py:32} INFO - Extracted data for 01-19-2021
[2025-03-02T18:22:24.685+0000] {covid19-etl.py:32} INFO - Extracted data for 01-19-2022
[2025-03-02T18:22:25.969+0000] {covid19-etl.py:32} INFO - Extracted data for 01-19-2023
[2025-03-02T18:22:26.821+0000] {covid19-etl.py:36} ERROR - Error extracting data for 01-20-2020: HTTP Error 404: Not Found
[2025-03-02T18:22:27.945+0000] {covid19-etl.py:32} INFO - Extracted data for 01-20-2021
[2025-03-02T18:22:29.177+0000] {covid19-etl.py:32} INFO - Extracted data for 01-20-2022
[2025-03-02T18:22:30.318+0000] {covid19-etl.py:32} INFO - Extracted data for 01-20-2023
[2025-03-02T18:22:31.054+0000] {covid19-etl.py:36} ERROR - Error extracting data for 01-21-2020: HTTP Error 404: Not Found
[2025-03-02T18:22:32.034+0000] {covid19-etl.py:32} INFO - Extracted data for 01-21-2021
[2025-03-02T18:22:33.358+0000] {covid19-etl.py:32} INFO - Extracted data for 01-21-2022
[2025-03-02T18:22:34.534+0000] {covid19-etl.py:32} INFO - Extracted data for 01-21-2023
[2025-03-02T18:22:35.225+0000] {covid19-etl.py:32} INFO - Extracted data for 01-22-2020
[2025-03-02T18:22:36.283+0000] {covid19-etl.py:32} INFO - Extracted data for 01-22-2021
[2025-03-02T18:22:37.672+0000] {covid19-etl.py:32} INFO - Extracted data for 01-22-2022
[2025-03-02T18:22:38.821+0000] {covid19-etl.py:32} INFO - Extracted data for 01-22-2023
[2025-03-02T18:22:39.663+0000] {covid19-etl.py:32} INFO - Extracted data for 01-23-2020
[2025-03-02T18:22:40.601+0000] {covid19-etl.py:32} INFO - Extracted data for 01-23-2021
[2025-03-02T18:22:41.727+0000] {covid19-etl.py:32} INFO - Extracted data for 01-23-2022
[2025-03-02T18:22:43.019+0000] {covid19-etl.py:32} INFO - Extracted data for 01-23-2023
[2025-03-02T18:22:43.878+0000] {covid19-etl.py:32} INFO - Extracted data for 01-24-2020
[2025-03-02T18:22:44.978+0000] {covid19-etl.py:32} INFO - Extracted data for 01-24-2021
[2025-03-02T18:22:46.265+0000] {covid19-etl.py:32} INFO - Extracted data for 01-24-2022
[2025-03-02T18:22:47.651+0000] {covid19-etl.py:32} INFO - Extracted data for 01-24-2023
[2025-03-02T18:22:48.667+0000] {covid19-etl.py:32} INFO - Extracted data for 01-25-2020
[2025-03-02T18:22:49.695+0000] {covid19-etl.py:32} INFO - Extracted data for 01-25-2021
[2025-03-02T18:22:50.805+0000] {covid19-etl.py:32} INFO - Extracted data for 01-25-2022
[2025-03-02T18:22:52.098+0000] {covid19-etl.py:32} INFO - Extracted data for 01-25-2023
[2025-03-02T18:22:52.867+0000] {covid19-etl.py:32} INFO - Extracted data for 01-26-2020
[2025-03-02T18:22:53.959+0000] {covid19-etl.py:32} INFO - Extracted data for 01-26-2021
[2025-03-02T18:22:55.153+0000] {covid19-etl.py:32} INFO - Extracted data for 01-26-2022
[2025-03-02T18:22:56.489+0000] {covid19-etl.py:32} INFO - Extracted data for 01-26-2023
[2025-03-02T18:22:57.417+0000] {covid19-etl.py:32} INFO - Extracted data for 01-27-2020
[2025-03-02T18:22:58.490+0000] {covid19-etl.py:32} INFO - Extracted data for 01-27-2021
[2025-03-02T18:22:59.708+0000] {covid19-etl.py:32} INFO - Extracted data for 01-27-2022
[2025-03-02T18:23:01.110+0000] {covid19-etl.py:32} INFO - Extracted data for 01-27-2023
[2025-03-02T18:23:01.906+0000] {covid19-etl.py:32} INFO - Extracted data for 01-28-2020
[2025-03-02T18:23:02.972+0000] {covid19-etl.py:32} INFO - Extracted data for 01-28-2021
[2025-03-02T18:23:04.190+0000] {covid19-etl.py:32} INFO - Extracted data for 01-28-2022
[2025-03-02T18:23:05.487+0000] {covid19-etl.py:32} INFO - Extracted data for 01-28-2023
[2025-03-02T18:23:06.324+0000] {covid19-etl.py:32} INFO - Extracted data for 01-29-2020
[2025-03-02T18:23:07.414+0000] {covid19-etl.py:32} INFO - Extracted data for 01-29-2021
[2025-03-02T18:23:08.694+0000] {covid19-etl.py:32} INFO - Extracted data for 01-29-2022
[2025-03-02T18:23:10.179+0000] {covid19-etl.py:32} INFO - Extracted data for 01-29-2023
[2025-03-02T18:23:11.056+0000] {covid19-etl.py:32} INFO - Extracted data for 01-30-2020
[2025-03-02T18:23:12.333+0000] {covid19-etl.py:32} INFO - Extracted data for 01-30-2021
[2025-03-02T18:23:13.552+0000] {covid19-etl.py:32} INFO - Extracted data for 01-30-2022
[2025-03-02T18:23:14.691+0000] {covid19-etl.py:32} INFO - Extracted data for 01-30-2023
[2025-03-02T18:23:15.336+0000] {covid19-etl.py:32} INFO - Extracted data for 01-31-2020
[2025-03-02T18:23:16.332+0000] {covid19-etl.py:32} INFO - Extracted data for 01-31-2021
[2025-03-02T18:23:17.619+0000] {covid19-etl.py:32} INFO - Extracted data for 01-31-2022
[2025-03-02T18:23:18.770+0000] {covid19-etl.py:32} INFO - Extracted data for 01-31-2023
[2025-03-02T18:23:19.423+0000] {covid19-etl.py:32} INFO - Extracted data for 02-01-2020
[2025-03-02T18:23:20.434+0000] {covid19-etl.py:32} INFO - Extracted data for 02-01-2021
[2025-03-02T18:23:21.726+0000] {covid19-etl.py:32} INFO - Extracted data for 02-01-2022
[2025-03-02T18:23:22.936+0000] {covid19-etl.py:32} INFO - Extracted data for 02-01-2023
[2025-03-02T18:23:23.875+0000] {covid19-etl.py:32} INFO - Extracted data for 02-02-2020
[2025-03-02T18:23:24.888+0000] {covid19-etl.py:32} INFO - Extracted data for 02-02-2021
[2025-03-02T18:23:26.026+0000] {covid19-etl.py:32} INFO - Extracted data for 02-02-2022
[2025-03-02T18:23:27.532+0000] {covid19-etl.py:32} INFO - Extracted data for 02-02-2023
[2025-03-02T18:23:28.294+0000] {covid19-etl.py:32} INFO - Extracted data for 02-03-2020
[2025-03-02T18:23:29.290+0000] {covid19-etl.py:32} INFO - Extracted data for 02-03-2021
[2025-03-02T18:23:30.512+0000] {covid19-etl.py:32} INFO - Extracted data for 02-03-2022
[2025-03-02T18:23:31.736+0000] {covid19-etl.py:32} INFO - Extracted data for 02-03-2023
[2025-03-02T18:23:32.317+0000] {covid19-etl.py:32} INFO - Extracted data for 02-04-2020
[2025-03-02T18:23:33.282+0000] {covid19-etl.py:32} INFO - Extracted data for 02-04-2021
[2025-03-02T18:23:34.538+0000] {covid19-etl.py:32} INFO - Extracted data for 02-04-2022
[2025-03-02T18:23:35.742+0000] {covid19-etl.py:32} INFO - Extracted data for 02-04-2023
[2025-03-02T18:23:36.532+0000] {covid19-etl.py:32} INFO - Extracted data for 02-05-2020
[2025-03-02T18:23:37.623+0000] {covid19-etl.py:32} INFO - Extracted data for 02-05-2021
[2025-03-02T18:23:38.809+0000] {covid19-etl.py:32} INFO - Extracted data for 02-05-2022
[2025-03-02T18:23:40.045+0000] {covid19-etl.py:32} INFO - Extracted data for 02-05-2023
[2025-03-02T18:23:40.841+0000] {covid19-etl.py:32} INFO - Extracted data for 02-06-2020
[2025-03-02T18:23:41.913+0000] {covid19-etl.py:32} INFO - Extracted data for 02-06-2021
[2025-03-02T18:23:43.172+0000] {covid19-etl.py:32} INFO - Extracted data for 02-06-2022
[2025-03-02T18:23:44.413+0000] {covid19-etl.py:32} INFO - Extracted data for 02-06-2023
[2025-03-02T18:23:45.172+0000] {covid19-etl.py:32} INFO - Extracted data for 02-07-2020
[2025-03-02T18:23:46.248+0000] {covid19-etl.py:32} INFO - Extracted data for 02-07-2021
[2025-03-02T18:23:47.497+0000] {covid19-etl.py:32} INFO - Extracted data for 02-07-2022
[2025-03-02T18:23:48.722+0000] {covid19-etl.py:32} INFO - Extracted data for 02-07-2023
[2025-03-02T18:23:49.383+0000] {covid19-etl.py:32} INFO - Extracted data for 02-08-2020
[2025-03-02T18:23:50.328+0000] {covid19-etl.py:32} INFO - Extracted data for 02-08-2021
[2025-03-02T18:23:51.524+0000] {covid19-etl.py:32} INFO - Extracted data for 02-08-2022
[2025-03-02T18:23:52.557+0000] {covid19-etl.py:32} INFO - Extracted data for 02-08-2023
[2025-03-02T18:23:53.389+0000] {covid19-etl.py:32} INFO - Extracted data for 02-09-2020
[2025-03-02T18:23:54.362+0000] {covid19-etl.py:32} INFO - Extracted data for 02-09-2021
[2025-03-02T18:23:55.600+0000] {covid19-etl.py:32} INFO - Extracted data for 02-09-2022
[2025-03-02T18:23:56.605+0000] {covid19-etl.py:32} INFO - Extracted data for 02-09-2023
[2025-03-02T18:23:57.226+0000] {covid19-etl.py:32} INFO - Extracted data for 02-10-2020
[2025-03-02T18:23:58.248+0000] {covid19-etl.py:32} INFO - Extracted data for 02-10-2021
[2025-03-02T18:23:59.437+0000] {covid19-etl.py:32} INFO - Extracted data for 02-10-2022
[2025-03-02T18:24:00.539+0000] {covid19-etl.py:32} INFO - Extracted data for 02-10-2023
[2025-03-02T18:24:01.157+0000] {covid19-etl.py:32} INFO - Extracted data for 02-11-2020
[2025-03-02T18:24:02.155+0000] {covid19-etl.py:32} INFO - Extracted data for 02-11-2021
[2025-03-02T18:24:03.351+0000] {covid19-etl.py:32} INFO - Extracted data for 02-11-2022
[2025-03-02T18:24:04.597+0000] {covid19-etl.py:32} INFO - Extracted data for 02-11-2023
[2025-03-02T18:24:05.447+0000] {covid19-etl.py:32} INFO - Extracted data for 02-12-2020
[2025-03-02T18:24:06.450+0000] {covid19-etl.py:32} INFO - Extracted data for 02-12-2021
[2025-03-02T18:24:07.931+0000] {covid19-etl.py:32} INFO - Extracted data for 02-12-2022
[2025-03-02T18:24:09.018+0000] {covid19-etl.py:32} INFO - Extracted data for 02-12-2023
[2025-03-02T18:24:09.814+0000] {covid19-etl.py:32} INFO - Extracted data for 02-13-2020
[2025-03-02T18:24:10.877+0000] {covid19-etl.py:32} INFO - Extracted data for 02-13-2021
[2025-03-02T18:24:12.141+0000] {covid19-etl.py:32} INFO - Extracted data for 02-13-2022
[2025-03-02T18:24:13.467+0000] {covid19-etl.py:32} INFO - Extracted data for 02-13-2023
[2025-03-02T18:24:14.164+0000] {covid19-etl.py:32} INFO - Extracted data for 02-14-2020
[2025-03-02T18:24:15.265+0000] {covid19-etl.py:32} INFO - Extracted data for 02-14-2021
[2025-03-02T18:24:16.537+0000] {covid19-etl.py:32} INFO - Extracted data for 02-14-2022
[2025-03-02T18:24:17.833+0000] {covid19-etl.py:32} INFO - Extracted data for 02-14-2023
[2025-03-02T18:24:18.446+0000] {covid19-etl.py:32} INFO - Extracted data for 02-15-2020
[2025-03-02T18:24:19.476+0000] {covid19-etl.py:32} INFO - Extracted data for 02-15-2021
[2025-03-02T18:24:20.703+0000] {covid19-etl.py:32} INFO - Extracted data for 02-15-2022
[2025-03-02T18:24:21.823+0000] {covid19-etl.py:32} INFO - Extracted data for 02-15-2023
[2025-03-02T18:24:22.435+0000] {covid19-etl.py:32} INFO - Extracted data for 02-16-2020
[2025-03-02T18:24:23.321+0000] {covid19-etl.py:32} INFO - Extracted data for 02-16-2021
[2025-03-02T18:24:24.580+0000] {covid19-etl.py:32} INFO - Extracted data for 02-16-2022
[2025-03-02T18:24:25.754+0000] {covid19-etl.py:32} INFO - Extracted data for 02-16-2023
[2025-03-02T18:24:26.856+0000] {covid19-etl.py:32} INFO - Extracted data for 02-17-2020
[2025-03-02T18:24:27.988+0000] {covid19-etl.py:32} INFO - Extracted data for 02-17-2021
[2025-03-02T18:24:29.247+0000] {covid19-etl.py:32} INFO - Extracted data for 02-17-2022
[2025-03-02T18:24:30.486+0000] {covid19-etl.py:32} INFO - Extracted data for 02-17-2023
[2025-03-02T18:24:31.276+0000] {covid19-etl.py:32} INFO - Extracted data for 02-18-2020
[2025-03-02T18:24:32.351+0000] {covid19-etl.py:32} INFO - Extracted data for 02-18-2021
[2025-03-02T18:24:33.700+0000] {covid19-etl.py:32} INFO - Extracted data for 02-18-2022
[2025-03-02T18:24:34.908+0000] {covid19-etl.py:32} INFO - Extracted data for 02-18-2023
[2025-03-02T18:24:35.720+0000] {covid19-etl.py:32} INFO - Extracted data for 02-19-2020
[2025-03-02T18:24:36.815+0000] {covid19-etl.py:32} INFO - Extracted data for 02-19-2021
[2025-03-02T18:24:38.085+0000] {covid19-etl.py:32} INFO - Extracted data for 02-19-2022
[2025-03-02T18:24:39.399+0000] {covid19-etl.py:32} INFO - Extracted data for 02-19-2023
[2025-03-02T18:24:40.224+0000] {covid19-etl.py:32} INFO - Extracted data for 02-20-2020
[2025-03-02T18:24:41.289+0000] {covid19-etl.py:32} INFO - Extracted data for 02-20-2021
[2025-03-02T18:24:42.539+0000] {covid19-etl.py:32} INFO - Extracted data for 02-20-2022
[2025-03-02T18:24:43.768+0000] {covid19-etl.py:32} INFO - Extracted data for 02-20-2023
[2025-03-02T18:24:44.405+0000] {covid19-etl.py:32} INFO - Extracted data for 02-21-2020
[2025-03-02T18:24:45.384+0000] {covid19-etl.py:32} INFO - Extracted data for 02-21-2021
[2025-03-02T18:24:46.593+0000] {covid19-etl.py:32} INFO - Extracted data for 02-21-2022
[2025-03-02T18:24:47.700+0000] {covid19-etl.py:32} INFO - Extracted data for 02-21-2023
[2025-03-02T18:24:48.314+0000] {covid19-etl.py:32} INFO - Extracted data for 02-22-2020
[2025-03-02T18:24:49.362+0000] {covid19-etl.py:32} INFO - Extracted data for 02-22-2021
[2025-03-02T18:24:50.666+0000] {covid19-etl.py:32} INFO - Extracted data for 02-22-2022
[2025-03-02T18:24:51.746+0000] {covid19-etl.py:32} INFO - Extracted data for 02-22-2023
[2025-03-02T18:24:52.310+0000] {covid19-etl.py:32} INFO - Extracted data for 02-23-2020
[2025-03-02T18:24:53.281+0000] {covid19-etl.py:32} INFO - Extracted data for 02-23-2021
[2025-03-02T18:24:54.495+0000] {covid19-etl.py:32} INFO - Extracted data for 02-23-2022
[2025-03-02T18:24:55.726+0000] {covid19-etl.py:32} INFO - Extracted data for 02-23-2023
[2025-03-02T18:24:56.328+0000] {covid19-etl.py:32} INFO - Extracted data for 02-24-2020
[2025-03-02T18:24:57.307+0000] {covid19-etl.py:32} INFO - Extracted data for 02-24-2021
[2025-03-02T18:24:58.545+0000] {covid19-etl.py:32} INFO - Extracted data for 02-24-2022
[2025-03-02T18:24:59.844+0000] {covid19-etl.py:32} INFO - Extracted data for 02-24-2023
[2025-03-02T18:25:00.545+0000] {covid19-etl.py:32} INFO - Extracted data for 02-25-2020
[2025-03-02T18:25:01.417+0000] {covid19-etl.py:32} INFO - Extracted data for 02-25-2021
[2025-03-02T18:25:02.623+0000] {covid19-etl.py:32} INFO - Extracted data for 02-25-2022
[2025-03-02T18:25:03.894+0000] {covid19-etl.py:32} INFO - Extracted data for 02-25-2023
[2025-03-02T18:25:04.498+0000] {covid19-etl.py:32} INFO - Extracted data for 02-26-2020
[2025-03-02T18:25:05.978+0000] {covid19-etl.py:32} INFO - Extracted data for 02-26-2021
[2025-03-02T18:25:07.589+0000] {covid19-etl.py:32} INFO - Extracted data for 02-26-2022
[2025-03-02T18:25:08.857+0000] {covid19-etl.py:32} INFO - Extracted data for 02-26-2023
[2025-03-02T18:25:09.657+0000] {covid19-etl.py:32} INFO - Extracted data for 02-27-2020
[2025-03-02T18:25:10.679+0000] {covid19-etl.py:32} INFO - Extracted data for 02-27-2021
[2025-03-02T18:25:11.866+0000] {covid19-etl.py:32} INFO - Extracted data for 02-27-2022
[2025-03-02T18:25:13.082+0000] {covid19-etl.py:32} INFO - Extracted data for 02-27-2023
[2025-03-02T18:25:13.896+0000] {covid19-etl.py:32} INFO - Extracted data for 02-28-2020
[2025-03-02T18:25:15.975+0000] {covid19-etl.py:32} INFO - Extracted data for 02-28-2021
[2025-03-02T18:25:17.636+0000] {covid19-etl.py:32} INFO - Extracted data for 02-28-2022
[2025-03-02T18:25:19.012+0000] {covid19-etl.py:32} INFO - Extracted data for 02-28-2023
[2025-03-02T18:25:19.755+0000] {covid19-etl.py:32} INFO - Extracted data for 02-29-2020
[2025-03-02T18:25:20.448+0000] {covid19-etl.py:36} ERROR - Error extracting data for 02-29-2021: HTTP Error 404: Not Found
[2025-03-02T18:25:21.144+0000] {covid19-etl.py:36} ERROR - Error extracting data for 02-29-2022: HTTP Error 404: Not Found
[2025-03-02T18:25:21.961+0000] {covid19-etl.py:36} ERROR - Error extracting data for 02-29-2023: HTTP Error 404: Not Found
[2025-03-02T18:25:22.762+0000] {covid19-etl.py:36} ERROR - Error extracting data for 02-30-2020: HTTP Error 404: Not Found
[2025-03-02T18:25:23.522+0000] {covid19-etl.py:36} ERROR - Error extracting data for 02-30-2021: HTTP Error 404: Not Found
[2025-03-02T18:25:24.062+0000] {covid19-etl.py:36} ERROR - Error extracting data for 02-30-2022: HTTP Error 404: Not Found
[2025-03-02T18:25:24.498+0000] {covid19-etl.py:36} ERROR - Error extracting data for 02-30-2023: HTTP Error 404: Not Found
[2025-03-02T18:25:24.950+0000] {covid19-etl.py:36} ERROR - Error extracting data for 02-31-2020: HTTP Error 404: Not Found
[2025-03-02T18:25:25.373+0000] {covid19-etl.py:36} ERROR - Error extracting data for 02-31-2021: HTTP Error 404: Not Found
[2025-03-02T18:25:25.817+0000] {covid19-etl.py:36} ERROR - Error extracting data for 02-31-2022: HTTP Error 404: Not Found
[2025-03-02T18:25:26.305+0000] {covid19-etl.py:36} ERROR - Error extracting data for 02-31-2023: HTTP Error 404: Not Found
[2025-03-02T18:25:26.721+0000] {covid19-etl.py:32} INFO - Extracted data for 03-01-2020
[2025-03-02T18:25:27.587+0000] {covid19-etl.py:32} INFO - Extracted data for 03-01-2021
[2025-03-02T18:25:28.949+0000] {covid19-etl.py:32} INFO - Extracted data for 03-01-2022
[2025-03-02T18:25:30.095+0000] {covid19-etl.py:32} INFO - Extracted data for 03-01-2023
[2025-03-02T18:25:31.006+0000] {covid19-etl.py:32} INFO - Extracted data for 03-02-2020
[2025-03-02T18:25:32.168+0000] {covid19-etl.py:32} INFO - Extracted data for 03-02-2021
[2025-03-02T18:25:33.461+0000] {covid19-etl.py:32} INFO - Extracted data for 03-02-2022
[2025-03-02T18:25:34.594+0000] {covid19-etl.py:32} INFO - Extracted data for 03-02-2023
[2025-03-02T18:25:34.764+0000] {python.py:177} INFO - Done. Returned value was: None
[2025-03-02T18:25:35.045+0000] {taskinstance.py:1406} INFO - Marking task as SUCCESS. dag_id=covid19_etl, task_id=extract, execution_date=20250301T000000, start_date=20250302T182055, end_date=20250302T182535
[2025-03-02T18:25:35.437+0000] {local_task_job.py:164} INFO - Task exited with return code 0
[2025-03-02T18:25:35.616+0000] {local_task_job.py:273} INFO - 0 downstream tasks scheduled from follow-on schedule check
