[2025-03-04T03:45:10.247+0000] {taskinstance.py:1165} INFO - Dependencies all met for <TaskInstance: covid19_etl.extract manual__2025-03-04T03:44:29.469245+00:00 [queued]>
[2025-03-04T03:45:10.624+0000] {taskinstance.py:1165} INFO - Dependencies all met for <TaskInstance: covid19_etl.extract manual__2025-03-04T03:44:29.469245+00:00 [queued]>
[2025-03-04T03:45:10.626+0000] {taskinstance.py:1362} INFO - 
--------------------------------------------------------------------------------
[2025-03-04T03:45:10.628+0000] {taskinstance.py:1363} INFO - Starting attempt 1 of 2
[2025-03-04T03:45:10.629+0000] {taskinstance.py:1364} INFO - 
--------------------------------------------------------------------------------
[2025-03-04T03:45:13.136+0000] {taskinstance.py:1383} INFO - Executing <Task(PythonOperator): extract> on 2025-03-04 03:44:29.469245+00:00
[2025-03-04T03:45:13.385+0000] {standard_task_runner.py:55} INFO - Started process 185 to run task
[2025-03-04T03:45:13.558+0000] {standard_task_runner.py:82} INFO - Running: ['***', 'tasks', 'run', 'covid19_etl', 'extract', 'manual__2025-03-04T03:44:29.469245+00:00', '--job-id', '161', '--raw', '--subdir', 'DAGS_FOLDER/covid19-etl.py', '--cfg-path', '/tmp/tmpqvhxwlbb']
[2025-03-04T03:45:13.612+0000] {standard_task_runner.py:83} INFO - Job 161: Subtask extract
[2025-03-04T03:45:16.011+0000] {task_command.py:376} INFO - Running <TaskInstance: covid19_etl.extract manual__2025-03-04T03:44:29.469245+00:00 [running]> on host e5021ab2b3c4
[2025-03-04T03:45:20.854+0000] {taskinstance.py:1592} INFO - Exporting the following env vars:
AIRFLOW_CTX_DAG_OWNER=Sharaf
AIRFLOW_CTX_DAG_ID=covid19_etl
AIRFLOW_CTX_TASK_ID=extract
AIRFLOW_CTX_EXECUTION_DATE=2025-03-04T03:44:29.469245+00:00
AIRFLOW_CTX_TRY_NUMBER=1
AIRFLOW_CTX_DAG_RUN_ID=manual__2025-03-04T03:44:29.469245+00:00
[2025-03-04T03:45:21.135+0000] {covid19-etl.py:8} INFO - Extracting data from source
[2025-03-04T03:45:22.706+0000] {base.py:71} INFO - Using connection ID 'postgres_localhost' for task execution.
[2025-03-04T03:45:25.328+0000] {covid19-etl.py:34} INFO - Extracted data for 03-01-2020
[2025-03-04T03:45:28.408+0000] {covid19-etl.py:34} INFO - Extracted data for 03-01-2021
[2025-03-04T03:45:29.501+0000] {covid19-etl.py:34} INFO - Extracted data for 03-01-2022
[2025-03-04T03:45:30.611+0000] {covid19-etl.py:34} INFO - Extracted data for 03-01-2023
[2025-03-04T03:45:31.019+0000] {covid19-etl.py:34} INFO - Extracted data for 03-02-2020
[2025-03-04T03:45:32.347+0000] {covid19-etl.py:34} INFO - Extracted data for 03-02-2021
[2025-03-04T03:45:33.848+0000] {covid19-etl.py:34} INFO - Extracted data for 03-02-2022
[2025-03-04T03:45:35.099+0000] {covid19-etl.py:34} INFO - Extracted data for 03-02-2023
[2025-03-04T03:45:35.556+0000] {covid19-etl.py:34} INFO - Extracted data for 03-03-2020
[2025-03-04T03:45:36.906+0000] {covid19-etl.py:34} INFO - Extracted data for 03-03-2021
[2025-03-04T03:45:38.163+0000] {covid19-etl.py:34} INFO - Extracted data for 03-03-2022
[2025-03-04T03:45:39.265+0000] {covid19-etl.py:34} INFO - Extracted data for 03-03-2023
[2025-03-04T03:45:39.783+0000] {covid19-etl.py:34} INFO - Extracted data for 03-04-2020
[2025-03-04T03:45:41.012+0000] {covid19-etl.py:34} INFO - Extracted data for 03-04-2021
[2025-03-04T03:45:42.455+0000] {covid19-etl.py:34} INFO - Extracted data for 03-04-2022
[2025-03-04T03:45:43.851+0000] {covid19-etl.py:34} INFO - Extracted data for 03-04-2023
[2025-03-04T03:45:43.883+0000] {covid19-etl.py:53} INFO - Data Columns: Index(['Province_State', 'Country_Region', 'Last_Update', 'Lat', 'Long',
       'Confirmed', 'Deaths', 'Recovered'],
      dtype='object')
[2025-03-04T03:45:43.885+0000] {covid19-etl.py:54} INFO - Data Shape: (48905, 8)
[2025-03-04T03:45:44.864+0000] {python.py:177} INFO - Done. Returned value was: None
[2025-03-04T03:45:44.989+0000] {taskinstance.py:1406} INFO - Marking task as SUCCESS. dag_id=covid19_etl, task_id=extract, execution_date=20250304T034429, start_date=20250304T034510, end_date=20250304T034544
[2025-03-04T03:45:45.789+0000] {local_task_job.py:164} INFO - Task exited with return code 0
[2025-03-04T03:45:46.878+0000] {local_task_job.py:273} INFO - 1 downstream tasks scheduled from follow-on schedule check
