[2025-03-06T05:00:16.115+0000] {taskinstance.py:1165} INFO - Dependencies all met for <TaskInstance: covid19_etl.Transform scheduled__2025-03-06T04:57:00+00:00 [queued]>
[2025-03-06T05:00:16.132+0000] {taskinstance.py:1165} INFO - Dependencies all met for <TaskInstance: covid19_etl.Transform scheduled__2025-03-06T04:57:00+00:00 [queued]>
[2025-03-06T05:00:16.133+0000] {taskinstance.py:1362} INFO - 
--------------------------------------------------------------------------------
[2025-03-06T05:00:16.133+0000] {taskinstance.py:1363} INFO - Starting attempt 1 of 2
[2025-03-06T05:00:16.134+0000] {taskinstance.py:1364} INFO - 
--------------------------------------------------------------------------------
[2025-03-06T05:00:16.157+0000] {taskinstance.py:1383} INFO - Executing <Task(PythonOperator): Transform> on 2025-03-06 04:57:00+00:00
[2025-03-06T05:00:16.165+0000] {standard_task_runner.py:55} INFO - Started process 3492 to run task
[2025-03-06T05:00:16.171+0000] {standard_task_runner.py:82} INFO - Running: ['***', 'tasks', 'run', 'covid19_etl', 'Transform', 'scheduled__2025-03-06T04:57:00+00:00', '--job-id', '758', '--raw', '--subdir', 'DAGS_FOLDER/covid19-etl.py', '--cfg-path', '/tmp/tmps7enwo5s']
[2025-03-06T05:00:16.174+0000] {standard_task_runner.py:83} INFO - Job 758: Subtask Transform
[2025-03-06T05:00:16.278+0000] {task_command.py:376} INFO - Running <TaskInstance: covid19_etl.Transform scheduled__2025-03-06T04:57:00+00:00 [running]> on host e5021ab2b3c4
[2025-03-06T05:00:16.407+0000] {taskinstance.py:1592} INFO - Exporting the following env vars:
AIRFLOW_CTX_DAG_OWNER=Sharaf
AIRFLOW_CTX_DAG_ID=covid19_etl
AIRFLOW_CTX_TASK_ID=Transform
AIRFLOW_CTX_EXECUTION_DATE=2025-03-06T04:57:00+00:00
AIRFLOW_CTX_TRY_NUMBER=1
AIRFLOW_CTX_DAG_RUN_ID=scheduled__2025-03-06T04:57:00+00:00
[2025-03-06T05:00:16.409+0000] {covid19-etl.py:68} INFO - Transforming data
[2025-03-06T05:00:16.773+0000] {covid19-etl.py:79} INFO - Data Description:
                Lat          Long     Confirmed         Deaths     Recovered
count  11773.000000  11773.000000  1.204400e+04   12044.000000  1.204400e+04
mean      35.742836    -71.120145  8.637809e+04    1171.453089  3.975654e+03
std       13.430886     55.316242  6.555261e+05    6855.885550  4.812130e+04
min      -71.949900   -178.116500  0.000000e+00       0.000000  0.000000e+00
25%       33.191535    -96.595639  1.574000e+03      22.000000  0.000000e+00
50%       37.895700    -86.717326  5.223000e+03      75.000000  0.000000e+00
75%       42.176955    -77.357900  2.164425e+04     279.000000  0.000000e+00
max       71.706900    178.065000  3.832682e+07  183457.000000  2.136534e+06
[2025-03-06T05:00:16.791+0000] {logging_mixin.py:120} INFO - <class 'pandas.core.frame.DataFrame'>
RangeIndex: 12044 entries, 0 to 12043
Data columns (total 8 columns):
 #   Column          Non-Null Count  Dtype  
---  ------          --------------  -----  
 0   Province_State  12044 non-null  object 
 1   Country_Region  12044 non-null  object 
 2   Last_Update     12044 non-null  object 
 3   Lat             11773 non-null  float64
 4   Long            11773 non-null  float64
 5   Confirmed       12044 non-null  int64  
 6   Deaths          12044 non-null  int64  
 7   Recovered       12044 non-null  float64
dtypes: float64(3), int64(2), object(3)
memory usage: 752.9+ KB
[2025-03-06T05:00:16.792+0000] {covid19-etl.py:80} INFO - Data Info:
None
[2025-03-06T05:00:17.017+0000] {python.py:177} INFO - Done. Returned value was: None
[2025-03-06T05:00:17.035+0000] {taskinstance.py:1406} INFO - Marking task as SUCCESS. dag_id=covid19_etl, task_id=Transform, execution_date=20250306T045700, start_date=20250306T050016, end_date=20250306T050017
[2025-03-06T05:00:17.106+0000] {local_task_job.py:164} INFO - Task exited with return code 0
[2025-03-06T05:00:17.147+0000] {local_task_job.py:273} INFO - 1 downstream tasks scheduled from follow-on schedule check
