[2025-03-06T04:57:16.222+0000] {taskinstance.py:1165} INFO - Dependencies all met for <TaskInstance: covid19_etl.Transform scheduled__2025-03-06T04:54:00+00:00 [queued]>
[2025-03-06T04:57:16.240+0000] {taskinstance.py:1165} INFO - Dependencies all met for <TaskInstance: covid19_etl.Transform scheduled__2025-03-06T04:54:00+00:00 [queued]>
[2025-03-06T04:57:16.241+0000] {taskinstance.py:1362} INFO - 
--------------------------------------------------------------------------------
[2025-03-06T04:57:16.241+0000] {taskinstance.py:1363} INFO - Starting attempt 1 of 2
[2025-03-06T04:57:16.242+0000] {taskinstance.py:1364} INFO - 
--------------------------------------------------------------------------------
[2025-03-06T04:57:16.268+0000] {taskinstance.py:1383} INFO - Executing <Task(PythonOperator): Transform> on 2025-03-06 04:54:00+00:00
[2025-03-06T04:57:16.277+0000] {standard_task_runner.py:55} INFO - Started process 3348 to run task
[2025-03-06T04:57:16.282+0000] {standard_task_runner.py:82} INFO - Running: ['***', 'tasks', 'run', 'covid19_etl', 'Transform', 'scheduled__2025-03-06T04:54:00+00:00', '--job-id', '752', '--raw', '--subdir', 'DAGS_FOLDER/covid19-etl.py', '--cfg-path', '/tmp/tmpaa6h6noa']
[2025-03-06T04:57:16.286+0000] {standard_task_runner.py:83} INFO - Job 752: Subtask Transform
[2025-03-06T04:57:16.401+0000] {task_command.py:376} INFO - Running <TaskInstance: covid19_etl.Transform scheduled__2025-03-06T04:54:00+00:00 [running]> on host e5021ab2b3c4
[2025-03-06T04:57:16.563+0000] {taskinstance.py:1592} INFO - Exporting the following env vars:
AIRFLOW_CTX_DAG_OWNER=Sharaf
AIRFLOW_CTX_DAG_ID=covid19_etl
AIRFLOW_CTX_TASK_ID=Transform
AIRFLOW_CTX_EXECUTION_DATE=2025-03-06T04:54:00+00:00
AIRFLOW_CTX_TRY_NUMBER=1
AIRFLOW_CTX_DAG_RUN_ID=scheduled__2025-03-06T04:54:00+00:00
[2025-03-06T04:57:16.565+0000] {covid19-etl.py:68} INFO - Transforming data
[2025-03-06T04:57:16.947+0000] {covid19-etl.py:79} INFO - Data Description:
                Lat          Long     Confirmed         Deaths     Recovered
count  11772.000000  11772.000000  1.204300e+04   12043.000000  1.204300e+04
mean      35.747086    -71.111056  8.610743e+04    1170.222287  3.953691e+03
std       13.423536     55.309799  6.545568e+05    6852.108790  4.790988e+04
min      -71.949900   -178.116500  0.000000e+00       0.000000  0.000000e+00
25%       33.198406    -96.595639  1.563500e+03      22.000000  0.000000e+00
50%       37.898574    -86.717326  5.185000e+03      75.000000  0.000000e+00
75%       42.178547    -77.357900  2.147700e+04     278.000000  0.000000e+00
max       71.706900    178.065000  3.830609e+07  183348.000000  2.126432e+06
[2025-03-06T04:57:16.968+0000] {logging_mixin.py:120} INFO - <class 'pandas.core.frame.DataFrame'>
RangeIndex: 12043 entries, 0 to 12042
Data columns (total 8 columns):
 #   Column          Non-Null Count  Dtype  
---  ------          --------------  -----  
 0   Province_State  12043 non-null  object 
 1   Country_Region  12043 non-null  object 
 2   Last_Update     12043 non-null  object 
 3   Lat             11772 non-null  float64
 4   Long            11772 non-null  float64
 5   Confirmed       12043 non-null  int64  
 6   Deaths          12043 non-null  int64  
 7   Recovered       12043 non-null  float64
dtypes: float64(3), int64(2), object(3)
memory usage: 752.8+ KB
[2025-03-06T04:57:16.969+0000] {covid19-etl.py:80} INFO - Data Info:
None
[2025-03-06T04:57:17.235+0000] {python.py:177} INFO - Done. Returned value was: None
[2025-03-06T04:57:17.262+0000] {taskinstance.py:1406} INFO - Marking task as SUCCESS. dag_id=covid19_etl, task_id=Transform, execution_date=20250306T045400, start_date=20250306T045716, end_date=20250306T045717
[2025-03-06T04:57:17.309+0000] {local_task_job.py:164} INFO - Task exited with return code 0
[2025-03-06T04:57:17.361+0000] {local_task_job.py:273} INFO - 1 downstream tasks scheduled from follow-on schedule check
